  main.cpp
C:\Program Files (x86)\Microsoft Visual Studio 14.0\VC\atlmfc\include\afx.h(38): warning C4996: 'MBCS_Support_Deprecated_In_MFC': MBCS support in MFC is deprecated and may be removed in a future version of MFC.
  C:\Program Files (x86)\Microsoft Visual Studio 14.0\VC\atlmfc\include\afx.h(33): note: see declaration of 'MBCS_Support_Deprecated_In_MFC'
  _WIN32_WINNT not defined. Defaulting to _WIN32_WINNT_MAXVER (see WinSDKVer.h)
e:\2_learning\4_code\imagerectify\imagerectify\Matrix.h(15): warning C4005: 'FALSE': macro redefinition
  C:\Program Files (x86)\Microsoft Visual Studio 14.0\VC\atlmfc\include\afx.h(272): note: see previous definition of 'FALSE'
e:\2_learning\4_code\imagerectify\imagerectify\Matrix.h(16): warning C4005: 'TRUE': macro redefinition
  C:\Program Files (x86)\Microsoft Visual Studio 14.0\VC\atlmfc\include\afx.h(273): note: see previous definition of 'TRUE'
main.cpp(46): warning C4996: 'strcpy': This function or variable may be unsafe. Consider using strcpy_s instead. To disable deprecation, use _CRT_SECURE_NO_WARNINGS. See online help for details.
  C:\Program Files (x86)\Windows Kits\10\Include\10.0.10240.0\ucrt\string.h(119): note: see declaration of 'strcpy'
main.cpp(47): warning C4996: 'strtok': This function or variable may be unsafe. Consider using strtok_s instead. To disable deprecation, use _CRT_SECURE_NO_WARNINGS. See online help for details.
  C:\Program Files (x86)\Windows Kits\10\Include\10.0.10240.0\ucrt\string.h(453): note: see declaration of 'strtok'
main.cpp(51): warning C4996: 'strtok': This function or variable may be unsafe. Consider using strtok_s instead. To disable deprecation, use _CRT_SECURE_NO_WARNINGS. See online help for details.
  C:\Program Files (x86)\Windows Kits\10\Include\10.0.10240.0\ucrt\string.h(453): note: see declaration of 'strtok'
main.cpp(99): warning C4800: 'BOOL': forcing value to bool 'true' or 'false' (performance warning)
main.cpp(102): warning C4800: 'BOOL': forcing value to bool 'true' or 'false' (performance warning)
main.cpp(248): warning C4996: 'fopen': This function or variable may be unsafe. Consider using fopen_s instead. To disable deprecation, use _CRT_SECURE_NO_WARNINGS. See online help for details.
  C:\Program Files (x86)\Windows Kits\10\Include\10.0.10240.0\ucrt\stdio.h(205): note: see declaration of 'fopen'
main.cpp(308): warning C4244: 'initializing': conversion from 'double' to 'float', possible loss of data
main.cpp(309): warning C4244: 'initializing': conversion from 'double' to 'float', possible loss of data
main.cpp(317): warning C4244: '=': conversion from 'float' to 'int', possible loss of data
main.cpp(318): warning C4244: '=': conversion from 'float' to 'int', possible loss of data
main.cpp(319): warning C4244: '=': conversion from 'float' to 'int', possible loss of data
main.cpp(320): warning C4244: '=': conversion from 'float' to 'int', possible loss of data
main.cpp(327): warning C4244: '=': conversion from 'float' to 'int', possible loss of data
main.cpp(338): warning C4244: '=': conversion from 'float' to 'int', possible loss of data
main.cpp(344): warning C4244: '=': conversion from 'float' to 'int', possible loss of data
main.cpp(350): warning C4244: '=': conversion from 'float' to 'int', possible loss of data
main.cpp(452): warning C4244: 'initializing': conversion from 'double' to 'int', possible loss of data
main.cpp(453): warning C4244: 'initializing': conversion from 'double' to 'int', possible loss of data
main.cpp(489): warning C4996: 'fopen': This function or variable may be unsafe. Consider using fopen_s instead. To disable deprecation, use _CRT_SECURE_NO_WARNINGS. See online help for details.
  C:\Program Files (x86)\Windows Kits\10\Include\10.0.10240.0\ucrt\stdio.h(205): note: see declaration of 'fopen'
main.cpp(500): warning C4477: 'printf' : format string '%s' requires an argument of type 'char *', but variadic argument 1 has type 'CString'
main.cpp(547): warning C4244: 'initializing': conversion from 'double' to 'int', possible loss of data
main.cpp(548): warning C4244: 'initializing': conversion from 'double' to 'int', possible loss of data
main.cpp(591): warning C4996: 'fopen': This function or variable may be unsafe. Consider using fopen_s instead. To disable deprecation, use _CRT_SECURE_NO_WARNINGS. See online help for details.
  C:\Program Files (x86)\Windows Kits\10\Include\10.0.10240.0\ucrt\stdio.h(205): note: see declaration of 'fopen'
main.cpp(602): warning C4477: 'printf' : format string '%s' requires an argument of type 'char *', but variadic argument 1 has type 'CString'
main.cpp(679): warning C4996: 'fopen': This function or variable may be unsafe. Consider using fopen_s instead. To disable deprecation, use _CRT_SECURE_NO_WARNINGS. See online help for details.
  C:\Program Files (x86)\Windows Kits\10\Include\10.0.10240.0\ucrt\stdio.h(205): note: see declaration of 'fopen'
main.cpp(737): warning C4996: 'fopen': This function or variable may be unsafe. Consider using fopen_s instead. To disable deprecation, use _CRT_SECURE_NO_WARNINGS. See online help for details.
  C:\Program Files (x86)\Windows Kits\10\Include\10.0.10240.0\ucrt\stdio.h(205): note: see declaration of 'fopen'
main.cpp(738): warning C4477: 'fprintf' : format string '%s' requires an argument of type 'char *', but variadic argument 1 has type 'CString'
main.cpp(739): warning C4477: 'fprintf' : format string '%s' requires an argument of type 'char *', but variadic argument 1 has type 'CString'
main.cpp(753): warning C4477: 'fprintf' : format string '%s' requires an argument of type 'char *', but variadic argument 1 has type 'ATL::CStringT<char,StrTraitMFC_DLL<char,ATL::ChTraitsCRT<_CharType>>>'
          with
          [
              _CharType=char
          ]
main.cpp(753): warning C4477: 'fprintf' : format string '%s' requires an argument of type 'char *', but variadic argument 6 has type 'ATL::CStringT<char,StrTraitMFC_DLL<char,ATL::ChTraitsCRT<_CharType>>>'
          with
          [
              _CharType=char
          ]
main.cpp(766): warning C4996: 'fopen': This function or variable may be unsafe. Consider using fopen_s instead. To disable deprecation, use _CRT_SECURE_NO_WARNINGS. See online help for details.
  C:\Program Files (x86)\Windows Kits\10\Include\10.0.10240.0\ucrt\stdio.h(205): note: see declaration of 'fopen'
  Matrix.cpp
     Creating library E:\2_Learning\4_Code\ImageRectify\lib\Release\x64\ImageRectify.lib and object E:\2_Learning\4_Code\ImageRectify\lib\Release\x64\ImageRectify.exp
  Generating code
e:\2_learning\4_code\imagerectify\imagerectify\main.cpp(145): warning C4715: 'FunSearchFile': not all control paths return a value
  All 879 functions were compiled because no usable IPDB/IOBJ from previous compilation was found.
  Finished generating code
  ImageRectify.vcxproj -> E:\2_Learning\4_Code\ImageRectify\Bin\Release\x64\ImageRectify.exe
  ImageRectify.vcxproj -> E:\2_Learning\4_Code\ImageRectify\Bin\Release\x64\ImageRectify.pdb (Full PDB)
